<?xml version="1.0" encoding="UTF-8"?>
<!-- Generated by org.testng.reporters.JUnitXMLReporter -->
<testsuite ignored="0" hostname="Vorgan" failures="0" tests="4" name="Command line test" time="10.471" errors="0" timestamp="2020-12-21T15:08:35 CET">
  <testcase classname="api.users.TestLoginUser" name="loginUserHappy" time="0.659"/>
  <testcase classname="api.users.TestRegisterUser" name="registerUserHappy" time="0.631"/>
  <testcase classname="api.users.TestRegisterUser" name="registerUserMissingPassword" time="0.581"/>
  <testcase classname="ui.users.TestUiRegisterUser" name="registerUser" time="1.501"/>
</testsuite> <!-- Command line test -->
