<?xml version="1.0" encoding="UTF-8"?>
<!-- Generated by org.testng.reporters.JUnitXMLReporter -->
<testsuite ignored="0" hostname="Vorgan" failures="0" tests="3" name="Command line test" time="4.877" errors="0" timestamp="2020-12-14T17:26:45 CET">
  <testcase classname="api.users.TestLoginUser" name="loginUserHappy" time="0.644"/>
  <testcase classname="api.users.TestRegisterUser" name="registerUserHappy" time="0.624"/>
  <testcase classname="api.users.TestRegisterUser" name="registerUserMissingPassword" time="0.556"/>
</testsuite> <!-- Command line test -->
