<?xml version="1.0" encoding="UTF-8"?>
<testng-results ignored="0" total="3" passed="3" failed="0" skipped="0">
  <reporter-output>
    <line>
      <![CDATA[Request method:POST
Request URI:https://qa-task.backbasecloud.com/api/users
Proxy:<none>
Request params:<none>
Query params:<none>
Form params:<none>
Path params:<none>
Headers:authorization=Basic Y2FuZGlkYXRleDpxYS1pcy1jb29s
authority=qa-task.backbasecloud.com
Accept=application/json, application/javascript, text/javascript, text/json
Content-Type=application/json; charset=UTF-8
Cookies:<none>
Multiparts:<none>
Body:
{
    "user": {
        "email": "veG994ZIpR@7jl9.pl",
        "password": "mcKcig",
        "username": "WzfwLl5XKa",
        "token": null
    }
}
]]>
    </line>
    <line>
      <![CDATA[Request method:POST
Request URI:https://qa-task.backbasecloud.com/api/users
Proxy:<none>
Request params:<none>
Query params:<none>
Form params:<none>
Path params:<none>
Headers:authorization=Basic Y2FuZGlkYXRleDpxYS1pcy1jb29s
authority=qa-task.backbasecloud.com
Accept=application/json, application/javascript, text/javascript, text/json
Content-Type=application/json; charset=UTF-8
Cookies:<none>
Multiparts:<none>
Body:
{
    "user": {
        "email": "veG994ZIpR@7jl9.pl",
        "password": "mcKcig",
        "username": "WzfwLl5XKa",
        "token": null
    }
}]]>
    </line>
    <line>
      <![CDATA[HTTP/1.1 200 OK
Server: nginx/1.14.0 (Ubuntu)
Date: Mon, 14 Dec 2020 16:26:43 GMT
Content-Type: application/json; charset=utf-8
Content-Length: 277
Connection: keep-alive
X-Powered-By: Express
Vary: X-HTTP-Method-Override
ETag: W/"115-wNbjYOwKoP4Z78Q62eDLrg"
Strict-Transport-Security: max-age=15768000

{
    "user": {
        "username": "wzfwll5xka",
        "email": "veg994zipr@7jl9.pl",
        "token": "eyJhbGciOiJIUzI1NiIsInR5cCI6IkpXVCJ9.eyJpZCI6IjVmZDc5MjQzNjkzMTg1OWE1ZWVjZmYyNyIsInVzZXJuYW1lIjoid3pmd2xsNXhrYSIsImV4cCI6MTYxMzE0NzIwMywiaWF0IjoxNjA3OTYzMjAzfQ.Rat-Gks-_4ylLRJd57rTeGYLd6lMtZcUT6qFhJMAl2o"
    }
}
]]>
    </line>
    <line>
      <![CDATA[HTTP/1.1 200 OK
Server: nginx/1.14.0 (Ubuntu)
Date: Mon, 14 Dec 2020 16:26:43 GMT
Content-Type: application/json; charset=utf-8
Content-Length: 277
Connection: keep-alive
X-Powered-By: Express
Vary: X-HTTP-Method-Override
ETag: W/"115-wNbjYOwKoP4Z78Q62eDLrg"
Strict-Transport-Security: max-age=15768000

{
    "user": {
        "username": "wzfwll5xka",
        "email": "veg994zipr@7jl9.pl",
        "token": "eyJhbGciOiJIUzI1NiIsInR5cCI6IkpXVCJ9.eyJpZCI6IjVmZDc5MjQzNjkzMTg1OWE1ZWVjZmYyNyIsInVzZXJuYW1lIjoid3pmd2xsNXhrYSIsImV4cCI6MTYxMzE0NzIwMywiaWF0IjoxNjA3OTYzMjAzfQ.Rat-Gks-_4ylLRJd57rTeGYLd6lMtZcUT6qFhJMAl2o"
    }
}]]>
    </line>
    <line>
      <![CDATA[Request method:POST
Request URI:https://qa-task.backbasecloud.com/api/users/login
Proxy:<none>
Request params:<none>
Query params:<none>
Form params:<none>
Path params:<none>
Headers:authorization=Basic Y2FuZGlkYXRleDpxYS1pcy1jb29s
authority=qa-task.backbasecloud.com
Accept=application/json, application/javascript, text/javascript, text/json
Content-Type=application/json; charset=UTF-8
Cookies:<none>
Multiparts:<none>
Body:
{
    "user": {
        "email": "veg994zipr@7jl9.pl",
        "password": "mcKcig",
        "username": null,
        "token": null
    }
}
]]>
    </line>
    <line>
      <![CDATA[Request method:POST
Request URI:https://qa-task.backbasecloud.com/api/users/login
Proxy:<none>
Request params:<none>
Query params:<none>
Form params:<none>
Path params:<none>
Headers:authorization=Basic Y2FuZGlkYXRleDpxYS1pcy1jb29s
authority=qa-task.backbasecloud.com
Accept=application/json, application/javascript, text/javascript, text/json
Content-Type=application/json; charset=UTF-8
Cookies:<none>
Multiparts:<none>
Body:
{
    "user": {
        "email": "veg994zipr@7jl9.pl",
        "password": "mcKcig",
        "username": null,
        "token": null
    }
}]]>
    </line>
    <line>
      <![CDATA[HTTP/1.1 200 OK
Server: nginx/1.14.0 (Ubuntu)
Date: Mon, 14 Dec 2020 16:26:44 GMT
Content-Type: application/json; charset=utf-8
Content-Length: 277
Connection: keep-alive
X-Powered-By: Express
Vary: X-HTTP-Method-Override
ETag: W/"115-4SpC4PJ0uNiZ0svS86u6Ag"
Strict-Transport-Security: max-age=15768000

{
    "user": {
        "username": "wzfwll5xka",
        "email": "veg994zipr@7jl9.pl",
        "token": "eyJhbGciOiJIUzI1NiIsInR5cCI6IkpXVCJ9.eyJpZCI6IjVmZDc5MjQzNjkzMTg1OWE1ZWVjZmYyNyIsInVzZXJuYW1lIjoid3pmd2xsNXhrYSIsImV4cCI6MTYxMzE0NzIwNCwiaWF0IjoxNjA3OTYzMjA0fQ.yxNlYRo3s8GmEcnxXEFBgq0mQdmKawuV9xbVFGRLFXc"
    }
}
]]>
    </line>
    <line>
      <![CDATA[HTTP/1.1 200 OK
Server: nginx/1.14.0 (Ubuntu)
Date: Mon, 14 Dec 2020 16:26:44 GMT
Content-Type: application/json; charset=utf-8
Content-Length: 277
Connection: keep-alive
X-Powered-By: Express
Vary: X-HTTP-Method-Override
ETag: W/"115-4SpC4PJ0uNiZ0svS86u6Ag"
Strict-Transport-Security: max-age=15768000

{
    "user": {
        "username": "wzfwll5xka",
        "email": "veg994zipr@7jl9.pl",
        "token": "eyJhbGciOiJIUzI1NiIsInR5cCI6IkpXVCJ9.eyJpZCI6IjVmZDc5MjQzNjkzMTg1OWE1ZWVjZmYyNyIsInVzZXJuYW1lIjoid3pmd2xsNXhrYSIsImV4cCI6MTYxMzE0NzIwNCwiaWF0IjoxNjA3OTYzMjA0fQ.yxNlYRo3s8GmEcnxXEFBgq0mQdmKawuV9xbVFGRLFXc"
    }
}]]>
    </line>
    <line>
      <![CDATA[Request method:POST
Request URI:https://qa-task.backbasecloud.com/api/users
Proxy:<none>
Request params:<none>
Query params:<none>
Form params:<none>
Path params:<none>
Headers:authorization=Basic Y2FuZGlkYXRleDpxYS1pcy1jb29s
authority=qa-task.backbasecloud.com
Accept=application/json, application/javascript, text/javascript, text/json
Content-Type=application/json; charset=UTF-8
Cookies:<none>
Multiparts:<none>
Body:
{
    "user": {
        "email": "Ito41GSn8l@JmtZ.pl",
        "password": "gdgV30",
        "username": "0IRAGMzvcw",
        "token": null
    }
}
]]>
    </line>
    <line>
      <![CDATA[Request method:POST
Request URI:https://qa-task.backbasecloud.com/api/users
Proxy:<none>
Request params:<none>
Query params:<none>
Form params:<none>
Path params:<none>
Headers:authorization=Basic Y2FuZGlkYXRleDpxYS1pcy1jb29s
authority=qa-task.backbasecloud.com
Accept=application/json, application/javascript, text/javascript, text/json
Content-Type=application/json; charset=UTF-8
Cookies:<none>
Multiparts:<none>
Body:
{
    "user": {
        "email": "Ito41GSn8l@JmtZ.pl",
        "password": "gdgV30",
        "username": "0IRAGMzvcw",
        "token": null
    }
}]]>
    </line>
    <line>
      <![CDATA[HTTP/1.1 200 OK
Server: nginx/1.14.0 (Ubuntu)
Date: Mon, 14 Dec 2020 16:26:44 GMT
Content-Type: application/json; charset=utf-8
Content-Length: 277
Connection: keep-alive
X-Powered-By: Express
Vary: X-HTTP-Method-Override
ETag: W/"115-nbSW8zyNQ6ykmwwNWp44Xw"
Strict-Transport-Security: max-age=15768000

{
    "user": {
        "username": "0iragmzvcw",
        "email": "ito41gsn8l@jmtz.pl",
        "token": "eyJhbGciOiJIUzI1NiIsInR5cCI6IkpXVCJ9.eyJpZCI6IjVmZDc5MjQ0NjkzMTg1OWE1ZWVjZmYyOCIsInVzZXJuYW1lIjoiMGlyYWdtenZjdyIsImV4cCI6MTYxMzE0NzIwNCwiaWF0IjoxNjA3OTYzMjA0fQ.Q_YlPly2RwNYHOKY2S8sXnAJH-VZ0Ra8aLqNyVbdMo4"
    }
}
]]>
    </line>
    <line>
      <![CDATA[HTTP/1.1 200 OK
Server: nginx/1.14.0 (Ubuntu)
Date: Mon, 14 Dec 2020 16:26:44 GMT
Content-Type: application/json; charset=utf-8
Content-Length: 277
Connection: keep-alive
X-Powered-By: Express
Vary: X-HTTP-Method-Override
ETag: W/"115-nbSW8zyNQ6ykmwwNWp44Xw"
Strict-Transport-Security: max-age=15768000

{
    "user": {
        "username": "0iragmzvcw",
        "email": "ito41gsn8l@jmtz.pl",
        "token": "eyJhbGciOiJIUzI1NiIsInR5cCI6IkpXVCJ9.eyJpZCI6IjVmZDc5MjQ0NjkzMTg1OWE1ZWVjZmYyOCIsInVzZXJuYW1lIjoiMGlyYWdtenZjdyIsImV4cCI6MTYxMzE0NzIwNCwiaWF0IjoxNjA3OTYzMjA0fQ.Q_YlPly2RwNYHOKY2S8sXnAJH-VZ0Ra8aLqNyVbdMo4"
    }
}]]>
    </line>
    <line>
      <![CDATA[Request method:POST
Request URI:https://qa-task.backbasecloud.com/api/users
Proxy:<none>
Request params:<none>
Query params:<none>
Form params:<none>
Path params:<none>
Headers:authorization=Basic Y2FuZGlkYXRleDpxYS1pcy1jb29s
authority=qa-task.backbasecloud.com
Accept=application/json, application/javascript, text/javascript, text/json
Content-Type=application/json; charset=UTF-8
Cookies:<none>
Multiparts:<none>
Body:
{
    "user": {
        "email": "4ktA9pzBCt@qCm1.pl",
        "password": null,
        "username": "vXyGvzmDJ3",
        "token": null
    }
}
]]>
    </line>
    <line>
      <![CDATA[Request method:POST
Request URI:https://qa-task.backbasecloud.com/api/users
Proxy:<none>
Request params:<none>
Query params:<none>
Form params:<none>
Path params:<none>
Headers:authorization=Basic Y2FuZGlkYXRleDpxYS1pcy1jb29s
authority=qa-task.backbasecloud.com
Accept=application/json, application/javascript, text/javascript, text/json
Content-Type=application/json; charset=UTF-8
Cookies:<none>
Multiparts:<none>
Body:
{
    "user": {
        "email": "4ktA9pzBCt@qCm1.pl",
        "password": null,
        "username": "vXyGvzmDJ3",
        "token": null
    }
}]]>
    </line>
    <line>
      <![CDATA[HTTP/1.1 500 Internal Server Error
Server: nginx/1.14.0 (Ubuntu)
Date: Mon, 14 Dec 2020 16:26:45 GMT
Content-Type: application/json; charset=utf-8
Content-Length: 143
Connection: keep-alive
X-Powered-By: Express
Vary: X-HTTP-Method-Override
ETag: W/"8f-KLq9HHrLocDxBRW98sZsYQ"
Strict-Transport-Security: max-age=15768000

{
    "errors": {
        "message": "The \"password\" argument must be one of type string, Buffer, TypedArray, or DataView. Received type object",
        "error": {
            
        }
    }
}
]]>
    </line>
    <line>
      <![CDATA[HTTP/1.1 500 Internal Server Error
Server: nginx/1.14.0 (Ubuntu)
Date: Mon, 14 Dec 2020 16:26:45 GMT
Content-Type: application/json; charset=utf-8
Content-Length: 143
Connection: keep-alive
X-Powered-By: Express
Vary: X-HTTP-Method-Override
ETag: W/"8f-KLq9HHrLocDxBRW98sZsYQ"
Strict-Transport-Security: max-age=15768000

{
    "errors": {
        "message": "The \"password\" argument must be one of type string, Buffer, TypedArray, or DataView. Received type object",
        "error": {
            
        }
    }
}]]>
    </line>
  </reporter-output>
  <suite started-at="2020-12-14T17:26:40 CET" name="Command line suite" finished-at="2020-12-14T17:26:45 CET" duration-ms="4877">
    <groups>
    </groups>
    <test started-at="2020-12-14T17:26:40 CET" name="Command line test" finished-at="2020-12-14T17:26:45 CET" duration-ms="4877">
      <class name="api.users.TestLoginUser">
        <test-method is-config="true" signature="preconditions()[pri:0, instance:api.users.TestLoginUser@33cb5951]" started-at="2020-12-14T17:26:40 CET" name="preconditions" finished-at="2020-12-14T17:26:43 CET" duration-ms="3015" status="PASS">
          <reporter-output>
            <line>
              <![CDATA[Request method:POST
Request URI:https://qa-task.backbasecloud.com/api/users
Proxy:<none>
Request params:<none>
Query params:<none>
Form params:<none>
Path params:<none>
Headers:authorization=Basic Y2FuZGlkYXRleDpxYS1pcy1jb29s
authority=qa-task.backbasecloud.com
Accept=application/json, application/javascript, text/javascript, text/json
Content-Type=application/json; charset=UTF-8
Cookies:<none>
Multiparts:<none>
Body:
{
    "user": {
        "email": "veG994ZIpR@7jl9.pl",
        "password": "mcKcig",
        "username": "WzfwLl5XKa",
        "token": null
    }
}
]]>
            </line>
            <line>
              <![CDATA[Request method:POST
Request URI:https://qa-task.backbasecloud.com/api/users
Proxy:<none>
Request params:<none>
Query params:<none>
Form params:<none>
Path params:<none>
Headers:authorization=Basic Y2FuZGlkYXRleDpxYS1pcy1jb29s
authority=qa-task.backbasecloud.com
Accept=application/json, application/javascript, text/javascript, text/json
Content-Type=application/json; charset=UTF-8
Cookies:<none>
Multiparts:<none>
Body:
{
    "user": {
        "email": "veG994ZIpR@7jl9.pl",
        "password": "mcKcig",
        "username": "WzfwLl5XKa",
        "token": null
    }
}]]>
            </line>
            <line>
              <![CDATA[HTTP/1.1 200 OK
Server: nginx/1.14.0 (Ubuntu)
Date: Mon, 14 Dec 2020 16:26:43 GMT
Content-Type: application/json; charset=utf-8
Content-Length: 277
Connection: keep-alive
X-Powered-By: Express
Vary: X-HTTP-Method-Override
ETag: W/"115-wNbjYOwKoP4Z78Q62eDLrg"
Strict-Transport-Security: max-age=15768000

{
    "user": {
        "username": "wzfwll5xka",
        "email": "veg994zipr@7jl9.pl",
        "token": "eyJhbGciOiJIUzI1NiIsInR5cCI6IkpXVCJ9.eyJpZCI6IjVmZDc5MjQzNjkzMTg1OWE1ZWVjZmYyNyIsInVzZXJuYW1lIjoid3pmd2xsNXhrYSIsImV4cCI6MTYxMzE0NzIwMywiaWF0IjoxNjA3OTYzMjAzfQ.Rat-Gks-_4ylLRJd57rTeGYLd6lMtZcUT6qFhJMAl2o"
    }
}
]]>
            </line>
            <line>
              <![CDATA[HTTP/1.1 200 OK
Server: nginx/1.14.0 (Ubuntu)
Date: Mon, 14 Dec 2020 16:26:43 GMT
Content-Type: application/json; charset=utf-8
Content-Length: 277
Connection: keep-alive
X-Powered-By: Express
Vary: X-HTTP-Method-Override
ETag: W/"115-wNbjYOwKoP4Z78Q62eDLrg"
Strict-Transport-Security: max-age=15768000

{
    "user": {
        "username": "wzfwll5xka",
        "email": "veg994zipr@7jl9.pl",
        "token": "eyJhbGciOiJIUzI1NiIsInR5cCI6IkpXVCJ9.eyJpZCI6IjVmZDc5MjQzNjkzMTg1OWE1ZWVjZmYyNyIsInVzZXJuYW1lIjoid3pmd2xsNXhrYSIsImV4cCI6MTYxMzE0NzIwMywiaWF0IjoxNjA3OTYzMjAzfQ.Rat-Gks-_4ylLRJd57rTeGYLd6lMtZcUT6qFhJMAl2o"
    }
}]]>
            </line>
          </reporter-output>
        </test-method> <!-- preconditions -->
        <test-method signature="loginUserHappy()[pri:0, instance:api.users.TestLoginUser@33cb5951]" started-at="2020-12-14T17:26:43 CET" name="loginUserHappy" finished-at="2020-12-14T17:26:43 CET" duration-ms="644" status="PASS">
          <reporter-output>
            <line>
              <![CDATA[Request method:POST
Request URI:https://qa-task.backbasecloud.com/api/users/login
Proxy:<none>
Request params:<none>
Query params:<none>
Form params:<none>
Path params:<none>
Headers:authorization=Basic Y2FuZGlkYXRleDpxYS1pcy1jb29s
authority=qa-task.backbasecloud.com
Accept=application/json, application/javascript, text/javascript, text/json
Content-Type=application/json; charset=UTF-8
Cookies:<none>
Multiparts:<none>
Body:
{
    "user": {
        "email": "veg994zipr@7jl9.pl",
        "password": "mcKcig",
        "username": null,
        "token": null
    }
}
]]>
            </line>
            <line>
              <![CDATA[Request method:POST
Request URI:https://qa-task.backbasecloud.com/api/users/login
Proxy:<none>
Request params:<none>
Query params:<none>
Form params:<none>
Path params:<none>
Headers:authorization=Basic Y2FuZGlkYXRleDpxYS1pcy1jb29s
authority=qa-task.backbasecloud.com
Accept=application/json, application/javascript, text/javascript, text/json
Content-Type=application/json; charset=UTF-8
Cookies:<none>
Multiparts:<none>
Body:
{
    "user": {
        "email": "veg994zipr@7jl9.pl",
        "password": "mcKcig",
        "username": null,
        "token": null
    }
}]]>
            </line>
            <line>
              <![CDATA[HTTP/1.1 200 OK
Server: nginx/1.14.0 (Ubuntu)
Date: Mon, 14 Dec 2020 16:26:44 GMT
Content-Type: application/json; charset=utf-8
Content-Length: 277
Connection: keep-alive
X-Powered-By: Express
Vary: X-HTTP-Method-Override
ETag: W/"115-4SpC4PJ0uNiZ0svS86u6Ag"
Strict-Transport-Security: max-age=15768000

{
    "user": {
        "username": "wzfwll5xka",
        "email": "veg994zipr@7jl9.pl",
        "token": "eyJhbGciOiJIUzI1NiIsInR5cCI6IkpXVCJ9.eyJpZCI6IjVmZDc5MjQzNjkzMTg1OWE1ZWVjZmYyNyIsInVzZXJuYW1lIjoid3pmd2xsNXhrYSIsImV4cCI6MTYxMzE0NzIwNCwiaWF0IjoxNjA3OTYzMjA0fQ.yxNlYRo3s8GmEcnxXEFBgq0mQdmKawuV9xbVFGRLFXc"
    }
}
]]>
            </line>
            <line>
              <![CDATA[HTTP/1.1 200 OK
Server: nginx/1.14.0 (Ubuntu)
Date: Mon, 14 Dec 2020 16:26:44 GMT
Content-Type: application/json; charset=utf-8
Content-Length: 277
Connection: keep-alive
X-Powered-By: Express
Vary: X-HTTP-Method-Override
ETag: W/"115-4SpC4PJ0uNiZ0svS86u6Ag"
Strict-Transport-Security: max-age=15768000

{
    "user": {
        "username": "wzfwll5xka",
        "email": "veg994zipr@7jl9.pl",
        "token": "eyJhbGciOiJIUzI1NiIsInR5cCI6IkpXVCJ9.eyJpZCI6IjVmZDc5MjQzNjkzMTg1OWE1ZWVjZmYyNyIsInVzZXJuYW1lIjoid3pmd2xsNXhrYSIsImV4cCI6MTYxMzE0NzIwNCwiaWF0IjoxNjA3OTYzMjA0fQ.yxNlYRo3s8GmEcnxXEFBgq0mQdmKawuV9xbVFGRLFXc"
    }
}]]>
            </line>
          </reporter-output>
        </test-method> <!-- loginUserHappy -->
      </class> <!-- api.users.TestLoginUser -->
      <class name="api.users.TestRegisterUser">
        <test-method signature="registerUserHappy()[pri:0, instance:api.users.TestRegisterUser@365c30cc]" started-at="2020-12-14T17:26:43 CET" name="registerUserHappy" finished-at="2020-12-14T17:26:44 CET" duration-ms="624" status="PASS">
          <reporter-output>
            <line>
              <![CDATA[Request method:POST
Request URI:https://qa-task.backbasecloud.com/api/users
Proxy:<none>
Request params:<none>
Query params:<none>
Form params:<none>
Path params:<none>
Headers:authorization=Basic Y2FuZGlkYXRleDpxYS1pcy1jb29s
authority=qa-task.backbasecloud.com
Accept=application/json, application/javascript, text/javascript, text/json
Content-Type=application/json; charset=UTF-8
Cookies:<none>
Multiparts:<none>
Body:
{
    "user": {
        "email": "Ito41GSn8l@JmtZ.pl",
        "password": "gdgV30",
        "username": "0IRAGMzvcw",
        "token": null
    }
}
]]>
            </line>
            <line>
              <![CDATA[Request method:POST
Request URI:https://qa-task.backbasecloud.com/api/users
Proxy:<none>
Request params:<none>
Query params:<none>
Form params:<none>
Path params:<none>
Headers:authorization=Basic Y2FuZGlkYXRleDpxYS1pcy1jb29s
authority=qa-task.backbasecloud.com
Accept=application/json, application/javascript, text/javascript, text/json
Content-Type=application/json; charset=UTF-8
Cookies:<none>
Multiparts:<none>
Body:
{
    "user": {
        "email": "Ito41GSn8l@JmtZ.pl",
        "password": "gdgV30",
        "username": "0IRAGMzvcw",
        "token": null
    }
}]]>
            </line>
            <line>
              <![CDATA[HTTP/1.1 200 OK
Server: nginx/1.14.0 (Ubuntu)
Date: Mon, 14 Dec 2020 16:26:44 GMT
Content-Type: application/json; charset=utf-8
Content-Length: 277
Connection: keep-alive
X-Powered-By: Express
Vary: X-HTTP-Method-Override
ETag: W/"115-nbSW8zyNQ6ykmwwNWp44Xw"
Strict-Transport-Security: max-age=15768000

{
    "user": {
        "username": "0iragmzvcw",
        "email": "ito41gsn8l@jmtz.pl",
        "token": "eyJhbGciOiJIUzI1NiIsInR5cCI6IkpXVCJ9.eyJpZCI6IjVmZDc5MjQ0NjkzMTg1OWE1ZWVjZmYyOCIsInVzZXJuYW1lIjoiMGlyYWdtenZjdyIsImV4cCI6MTYxMzE0NzIwNCwiaWF0IjoxNjA3OTYzMjA0fQ.Q_YlPly2RwNYHOKY2S8sXnAJH-VZ0Ra8aLqNyVbdMo4"
    }
}
]]>
            </line>
            <line>
              <![CDATA[HTTP/1.1 200 OK
Server: nginx/1.14.0 (Ubuntu)
Date: Mon, 14 Dec 2020 16:26:44 GMT
Content-Type: application/json; charset=utf-8
Content-Length: 277
Connection: keep-alive
X-Powered-By: Express
Vary: X-HTTP-Method-Override
ETag: W/"115-nbSW8zyNQ6ykmwwNWp44Xw"
Strict-Transport-Security: max-age=15768000

{
    "user": {
        "username": "0iragmzvcw",
        "email": "ito41gsn8l@jmtz.pl",
        "token": "eyJhbGciOiJIUzI1NiIsInR5cCI6IkpXVCJ9.eyJpZCI6IjVmZDc5MjQ0NjkzMTg1OWE1ZWVjZmYyOCIsInVzZXJuYW1lIjoiMGlyYWdtenZjdyIsImV4cCI6MTYxMzE0NzIwNCwiaWF0IjoxNjA3OTYzMjA0fQ.Q_YlPly2RwNYHOKY2S8sXnAJH-VZ0Ra8aLqNyVbdMo4"
    }
}]]>
            </line>
          </reporter-output>
        </test-method> <!-- registerUserHappy -->
        <test-method signature="registerUserMissingPassword()[pri:0, instance:api.users.TestRegisterUser@365c30cc]" started-at="2020-12-14T17:26:44 CET" name="registerUserMissingPassword" finished-at="2020-12-14T17:26:45 CET" duration-ms="556" status="PASS">
          <reporter-output>
            <line>
              <![CDATA[Request method:POST
Request URI:https://qa-task.backbasecloud.com/api/users
Proxy:<none>
Request params:<none>
Query params:<none>
Form params:<none>
Path params:<none>
Headers:authorization=Basic Y2FuZGlkYXRleDpxYS1pcy1jb29s
authority=qa-task.backbasecloud.com
Accept=application/json, application/javascript, text/javascript, text/json
Content-Type=application/json; charset=UTF-8
Cookies:<none>
Multiparts:<none>
Body:
{
    "user": {
        "email": "4ktA9pzBCt@qCm1.pl",
        "password": null,
        "username": "vXyGvzmDJ3",
        "token": null
    }
}
]]>
            </line>
            <line>
              <![CDATA[Request method:POST
Request URI:https://qa-task.backbasecloud.com/api/users
Proxy:<none>
Request params:<none>
Query params:<none>
Form params:<none>
Path params:<none>
Headers:authorization=Basic Y2FuZGlkYXRleDpxYS1pcy1jb29s
authority=qa-task.backbasecloud.com
Accept=application/json, application/javascript, text/javascript, text/json
Content-Type=application/json; charset=UTF-8
Cookies:<none>
Multiparts:<none>
Body:
{
    "user": {
        "email": "4ktA9pzBCt@qCm1.pl",
        "password": null,
        "username": "vXyGvzmDJ3",
        "token": null
    }
}]]>
            </line>
            <line>
              <![CDATA[HTTP/1.1 500 Internal Server Error
Server: nginx/1.14.0 (Ubuntu)
Date: Mon, 14 Dec 2020 16:26:45 GMT
Content-Type: application/json; charset=utf-8
Content-Length: 143
Connection: keep-alive
X-Powered-By: Express
Vary: X-HTTP-Method-Override
ETag: W/"8f-KLq9HHrLocDxBRW98sZsYQ"
Strict-Transport-Security: max-age=15768000

{
    "errors": {
        "message": "The \"password\" argument must be one of type string, Buffer, TypedArray, or DataView. Received type object",
        "error": {
            
        }
    }
}
]]>
            </line>
            <line>
              <![CDATA[HTTP/1.1 500 Internal Server Error
Server: nginx/1.14.0 (Ubuntu)
Date: Mon, 14 Dec 2020 16:26:45 GMT
Content-Type: application/json; charset=utf-8
Content-Length: 143
Connection: keep-alive
X-Powered-By: Express
Vary: X-HTTP-Method-Override
ETag: W/"8f-KLq9HHrLocDxBRW98sZsYQ"
Strict-Transport-Security: max-age=15768000

{
    "errors": {
        "message": "The \"password\" argument must be one of type string, Buffer, TypedArray, or DataView. Received type object",
        "error": {
            
        }
    }
}]]>
            </line>
          </reporter-output>
        </test-method> <!-- registerUserMissingPassword -->
      </class> <!-- api.users.TestRegisterUser -->
    </test> <!-- Command line test -->
  </suite> <!-- Command line suite -->
</testng-results>
