<?xml version="1.0" encoding="UTF-8"?>
<testng-results ignored="0" total="4" passed="4" failed="0" skipped="0">
  <reporter-output>
    <line>
      <![CDATA[Request method:POST
Request URI:https://qa-task.backbasecloud.com/api/users
Proxy:<none>
Request params:<none>
Query params:<none>
Form params:<none>
Path params:<none>
Headers:authorization=Basic Y2FuZGlkYXRleDpxYS1pcy1jb29s
authority=qa-task.backbasecloud.com
Accept=application/json, application/javascript, text/javascript, text/json
Content-Type=application/json; charset=UTF-8
Cookies:<none>
Multiparts:<none>
Body:
{
    "user": {
        "email": "gDnFtE3GuN@SwHV.pl",
        "password": "jdsvzR",
        "username": "F8COsTA0Ix",
        "token": null
    }
}
]]>
    </line>
    <line>
      <![CDATA[Request method:POST
Request URI:https://qa-task.backbasecloud.com/api/users
Proxy:<none>
Request params:<none>
Query params:<none>
Form params:<none>
Path params:<none>
Headers:authorization=Basic Y2FuZGlkYXRleDpxYS1pcy1jb29s
authority=qa-task.backbasecloud.com
Accept=application/json, application/javascript, text/javascript, text/json
Content-Type=application/json; charset=UTF-8
Cookies:<none>
Multiparts:<none>
Body:
{
    "user": {
        "email": "gDnFtE3GuN@SwHV.pl",
        "password": "jdsvzR",
        "username": "F8COsTA0Ix",
        "token": null
    }
}]]>
    </line>
    <line>
      <![CDATA[HTTP/1.1 200 OK
Server: nginx/1.14.0 (Ubuntu)
Date: Mon, 21 Dec 2020 14:08:27 GMT
Content-Type: application/json; charset=utf-8
Content-Length: 277
Connection: keep-alive
X-Powered-By: Express
Vary: X-HTTP-Method-Override
ETag: W/"115-oJ4pn9ffH8yrfvRH6jHupA"
Strict-Transport-Security: max-age=15768000

{
    "user": {
        "username": "f8costa0ix",
        "email": "gdnfte3gun@swhv.pl",
        "token": "eyJhbGciOiJIUzI1NiIsInR5cCI6IkpXVCJ9.eyJpZCI6IjVmZTBhYzViNjkzMTg1OWE1ZWVkMDMwNSIsInVzZXJuYW1lIjoiZjhjb3N0YTBpeCIsImV4cCI6MTYxMzc0MzcwNywiaWF0IjoxNjA4NTU5NzA3fQ.Zj9lTLxvrU3OItqYkThHnMJAK9eI32k9z7PdS8kZN8A"
    }
}
]]>
    </line>
    <line>
      <![CDATA[HTTP/1.1 200 OK
Server: nginx/1.14.0 (Ubuntu)
Date: Mon, 21 Dec 2020 14:08:27 GMT
Content-Type: application/json; charset=utf-8
Content-Length: 277
Connection: keep-alive
X-Powered-By: Express
Vary: X-HTTP-Method-Override
ETag: W/"115-oJ4pn9ffH8yrfvRH6jHupA"
Strict-Transport-Security: max-age=15768000

{
    "user": {
        "username": "f8costa0ix",
        "email": "gdnfte3gun@swhv.pl",
        "token": "eyJhbGciOiJIUzI1NiIsInR5cCI6IkpXVCJ9.eyJpZCI6IjVmZTBhYzViNjkzMTg1OWE1ZWVkMDMwNSIsInVzZXJuYW1lIjoiZjhjb3N0YTBpeCIsImV4cCI6MTYxMzc0MzcwNywiaWF0IjoxNjA4NTU5NzA3fQ.Zj9lTLxvrU3OItqYkThHnMJAK9eI32k9z7PdS8kZN8A"
    }
}]]>
    </line>
    <line>
      <![CDATA[Request method:POST
Request URI:https://qa-task.backbasecloud.com/api/users/login
Proxy:<none>
Request params:<none>
Query params:<none>
Form params:<none>
Path params:<none>
Headers:authorization=Basic Y2FuZGlkYXRleDpxYS1pcy1jb29s
authority=qa-task.backbasecloud.com
Accept=application/json, application/javascript, text/javascript, text/json
Content-Type=application/json; charset=UTF-8
Cookies:<none>
Multiparts:<none>
Body:
{
    "user": {
        "email": "gdnfte3gun@swhv.pl",
        "password": "jdsvzR",
        "username": null,
        "token": null
    }
}
]]>
    </line>
    <line>
      <![CDATA[Request method:POST
Request URI:https://qa-task.backbasecloud.com/api/users/login
Proxy:<none>
Request params:<none>
Query params:<none>
Form params:<none>
Path params:<none>
Headers:authorization=Basic Y2FuZGlkYXRleDpxYS1pcy1jb29s
authority=qa-task.backbasecloud.com
Accept=application/json, application/javascript, text/javascript, text/json
Content-Type=application/json; charset=UTF-8
Cookies:<none>
Multiparts:<none>
Body:
{
    "user": {
        "email": "gdnfte3gun@swhv.pl",
        "password": "jdsvzR",
        "username": null,
        "token": null
    }
}]]>
    </line>
    <line>
      <![CDATA[HTTP/1.1 200 OK
Server: nginx/1.14.0 (Ubuntu)
Date: Mon, 21 Dec 2020 14:08:28 GMT
Content-Type: application/json; charset=utf-8
Content-Length: 277
Connection: keep-alive
X-Powered-By: Express
Vary: X-HTTP-Method-Override
ETag: W/"115-FFpd6SIc+hDw//mIpbUC/g"
Strict-Transport-Security: max-age=15768000

{
    "user": {
        "username": "f8costa0ix",
        "email": "gdnfte3gun@swhv.pl",
        "token": "eyJhbGciOiJIUzI1NiIsInR5cCI6IkpXVCJ9.eyJpZCI6IjVmZTBhYzViNjkzMTg1OWE1ZWVkMDMwNSIsInVzZXJuYW1lIjoiZjhjb3N0YTBpeCIsImV4cCI6MTYxMzc0MzcwOCwiaWF0IjoxNjA4NTU5NzA4fQ.UBlqAUL_EXOwdaOQykKQHTiUBRHx0qNxV_p98EpyVbo"
    }
}
]]>
    </line>
    <line>
      <![CDATA[HTTP/1.1 200 OK
Server: nginx/1.14.0 (Ubuntu)
Date: Mon, 21 Dec 2020 14:08:28 GMT
Content-Type: application/json; charset=utf-8
Content-Length: 277
Connection: keep-alive
X-Powered-By: Express
Vary: X-HTTP-Method-Override
ETag: W/"115-FFpd6SIc+hDw//mIpbUC/g"
Strict-Transport-Security: max-age=15768000

{
    "user": {
        "username": "f8costa0ix",
        "email": "gdnfte3gun@swhv.pl",
        "token": "eyJhbGciOiJIUzI1NiIsInR5cCI6IkpXVCJ9.eyJpZCI6IjVmZTBhYzViNjkzMTg1OWE1ZWVkMDMwNSIsInVzZXJuYW1lIjoiZjhjb3N0YTBpeCIsImV4cCI6MTYxMzc0MzcwOCwiaWF0IjoxNjA4NTU5NzA4fQ.UBlqAUL_EXOwdaOQykKQHTiUBRHx0qNxV_p98EpyVbo"
    }
}]]>
    </line>
    <line>
      <![CDATA[Request method:POST
Request URI:https://qa-task.backbasecloud.com/api/users
Proxy:<none>
Request params:<none>
Query params:<none>
Form params:<none>
Path params:<none>
Headers:authorization=Basic Y2FuZGlkYXRleDpxYS1pcy1jb29s
authority=qa-task.backbasecloud.com
Accept=application/json, application/javascript, text/javascript, text/json
Content-Type=application/json; charset=UTF-8
Cookies:<none>
Multiparts:<none>
Body:
{
    "user": {
        "email": "2PFc4LMO1C@njxq.pl",
        "password": "D2Gv7n",
        "username": "l1Gmx5KYec",
        "token": null
    }
}
]]>
    </line>
    <line>
      <![CDATA[Request method:POST
Request URI:https://qa-task.backbasecloud.com/api/users
Proxy:<none>
Request params:<none>
Query params:<none>
Form params:<none>
Path params:<none>
Headers:authorization=Basic Y2FuZGlkYXRleDpxYS1pcy1jb29s
authority=qa-task.backbasecloud.com
Accept=application/json, application/javascript, text/javascript, text/json
Content-Type=application/json; charset=UTF-8
Cookies:<none>
Multiparts:<none>
Body:
{
    "user": {
        "email": "2PFc4LMO1C@njxq.pl",
        "password": "D2Gv7n",
        "username": "l1Gmx5KYec",
        "token": null
    }
}]]>
    </line>
    <line>
      <![CDATA[HTTP/1.1 200 OK
Server: nginx/1.14.0 (Ubuntu)
Date: Mon, 21 Dec 2020 14:08:28 GMT
Content-Type: application/json; charset=utf-8
Content-Length: 277
Connection: keep-alive
X-Powered-By: Express
Vary: X-HTTP-Method-Override
ETag: W/"115-TMptxLEeDr4hiMT6bpboBg"
Strict-Transport-Security: max-age=15768000

{
    "user": {
        "username": "l1gmx5kyec",
        "email": "2pfc4lmo1c@njxq.pl",
        "token": "eyJhbGciOiJIUzI1NiIsInR5cCI6IkpXVCJ9.eyJpZCI6IjVmZTBhYzVjNjkzMTg1OWE1ZWVkMDMwNiIsInVzZXJuYW1lIjoibDFnbXg1a3llYyIsImV4cCI6MTYxMzc0MzcwOCwiaWF0IjoxNjA4NTU5NzA4fQ.KUG7CNMBzoDLlj2wwPn_3UgUvna5erC_ntXZZYqo6yc"
    }
}
]]>
    </line>
    <line>
      <![CDATA[HTTP/1.1 200 OK
Server: nginx/1.14.0 (Ubuntu)
Date: Mon, 21 Dec 2020 14:08:28 GMT
Content-Type: application/json; charset=utf-8
Content-Length: 277
Connection: keep-alive
X-Powered-By: Express
Vary: X-HTTP-Method-Override
ETag: W/"115-TMptxLEeDr4hiMT6bpboBg"
Strict-Transport-Security: max-age=15768000

{
    "user": {
        "username": "l1gmx5kyec",
        "email": "2pfc4lmo1c@njxq.pl",
        "token": "eyJhbGciOiJIUzI1NiIsInR5cCI6IkpXVCJ9.eyJpZCI6IjVmZTBhYzVjNjkzMTg1OWE1ZWVkMDMwNiIsInVzZXJuYW1lIjoibDFnbXg1a3llYyIsImV4cCI6MTYxMzc0MzcwOCwiaWF0IjoxNjA4NTU5NzA4fQ.KUG7CNMBzoDLlj2wwPn_3UgUvna5erC_ntXZZYqo6yc"
    }
}]]>
    </line>
    <line>
      <![CDATA[Request method:POST
Request URI:https://qa-task.backbasecloud.com/api/users
Proxy:<none>
Request params:<none>
Query params:<none>
Form params:<none>
Path params:<none>
Headers:authorization=Basic Y2FuZGlkYXRleDpxYS1pcy1jb29s
authority=qa-task.backbasecloud.com
Accept=application/json, application/javascript, text/javascript, text/json
Content-Type=application/json; charset=UTF-8
Cookies:<none>
Multiparts:<none>
Body:
{
    "user": {
        "email": "kknwWfFWff@kWkw.pl",
        "password": null,
        "username": "lMzjCHbGEU",
        "token": null
    }
}
]]>
    </line>
    <line>
      <![CDATA[Request method:POST
Request URI:https://qa-task.backbasecloud.com/api/users
Proxy:<none>
Request params:<none>
Query params:<none>
Form params:<none>
Path params:<none>
Headers:authorization=Basic Y2FuZGlkYXRleDpxYS1pcy1jb29s
authority=qa-task.backbasecloud.com
Accept=application/json, application/javascript, text/javascript, text/json
Content-Type=application/json; charset=UTF-8
Cookies:<none>
Multiparts:<none>
Body:
{
    "user": {
        "email": "kknwWfFWff@kWkw.pl",
        "password": null,
        "username": "lMzjCHbGEU",
        "token": null
    }
}]]>
    </line>
    <line>
      <![CDATA[HTTP/1.1 500 Internal Server Error
Server: nginx/1.14.0 (Ubuntu)
Date: Mon, 21 Dec 2020 14:08:29 GMT
Content-Type: application/json; charset=utf-8
Content-Length: 143
Connection: keep-alive
X-Powered-By: Express
Vary: X-HTTP-Method-Override
ETag: W/"8f-KLq9HHrLocDxBRW98sZsYQ"
Strict-Transport-Security: max-age=15768000

{
    "errors": {
        "message": "The \"password\" argument must be one of type string, Buffer, TypedArray, or DataView. Received type object",
        "error": {
            
        }
    }
}
]]>
    </line>
    <line>
      <![CDATA[HTTP/1.1 500 Internal Server Error
Server: nginx/1.14.0 (Ubuntu)
Date: Mon, 21 Dec 2020 14:08:29 GMT
Content-Type: application/json; charset=utf-8
Content-Length: 143
Connection: keep-alive
X-Powered-By: Express
Vary: X-HTTP-Method-Override
ETag: W/"8f-KLq9HHrLocDxBRW98sZsYQ"
Strict-Transport-Security: max-age=15768000

{
    "errors": {
        "message": "The \"password\" argument must be one of type string, Buffer, TypedArray, or DataView. Received type object",
        "error": {
            
        }
    }
}]]>
    </line>
  </reporter-output>
  <suite started-at="2020-12-21T15:08:24 CET" name="Command line suite" finished-at="2020-12-21T15:08:35 CET" duration-ms="10471">
    <groups>
    </groups>
    <test started-at="2020-12-21T15:08:24 CET" name="Command line test" finished-at="2020-12-21T15:08:35 CET" duration-ms="10471">
      <class name="ui.users.TestUiRegisterUser">
        <test-method is-config="true" signature="preconditions()[pri:0, instance:ui.users.TestUiRegisterUser@73173f63]" started-at="2020-12-21T15:08:29 CET" name="preconditions" finished-at="2020-12-21T15:08:33 CET" duration-ms="4033" status="PASS">
          <reporter-output>
          </reporter-output>
        </test-method> <!-- preconditions -->
        <test-method signature="registerUser()[pri:0, instance:ui.users.TestUiRegisterUser@73173f63]" started-at="2020-12-21T15:08:33 CET" name="registerUser" finished-at="2020-12-21T15:08:35 CET" duration-ms="1501" status="PASS">
          <reporter-output>
          </reporter-output>
        </test-method> <!-- registerUser -->
      </class> <!-- ui.users.TestUiRegisterUser -->
      <class name="api.users.TestLoginUser">
        <test-method is-config="true" signature="preconditions()[pri:0, instance:api.users.TestLoginUser@25e2ab5a]" started-at="2020-12-21T15:08:24 CET" name="preconditions" finished-at="2020-12-21T15:08:27 CET" duration-ms="3028" status="PASS">
          <reporter-output>
            <line>
              <![CDATA[Request method:POST
Request URI:https://qa-task.backbasecloud.com/api/users
Proxy:<none>
Request params:<none>
Query params:<none>
Form params:<none>
Path params:<none>
Headers:authorization=Basic Y2FuZGlkYXRleDpxYS1pcy1jb29s
authority=qa-task.backbasecloud.com
Accept=application/json, application/javascript, text/javascript, text/json
Content-Type=application/json; charset=UTF-8
Cookies:<none>
Multiparts:<none>
Body:
{
    "user": {
        "email": "gDnFtE3GuN@SwHV.pl",
        "password": "jdsvzR",
        "username": "F8COsTA0Ix",
        "token": null
    }
}
]]>
            </line>
            <line>
              <![CDATA[Request method:POST
Request URI:https://qa-task.backbasecloud.com/api/users
Proxy:<none>
Request params:<none>
Query params:<none>
Form params:<none>
Path params:<none>
Headers:authorization=Basic Y2FuZGlkYXRleDpxYS1pcy1jb29s
authority=qa-task.backbasecloud.com
Accept=application/json, application/javascript, text/javascript, text/json
Content-Type=application/json; charset=UTF-8
Cookies:<none>
Multiparts:<none>
Body:
{
    "user": {
        "email": "gDnFtE3GuN@SwHV.pl",
        "password": "jdsvzR",
        "username": "F8COsTA0Ix",
        "token": null
    }
}]]>
            </line>
            <line>
              <![CDATA[HTTP/1.1 200 OK
Server: nginx/1.14.0 (Ubuntu)
Date: Mon, 21 Dec 2020 14:08:27 GMT
Content-Type: application/json; charset=utf-8
Content-Length: 277
Connection: keep-alive
X-Powered-By: Express
Vary: X-HTTP-Method-Override
ETag: W/"115-oJ4pn9ffH8yrfvRH6jHupA"
Strict-Transport-Security: max-age=15768000

{
    "user": {
        "username": "f8costa0ix",
        "email": "gdnfte3gun@swhv.pl",
        "token": "eyJhbGciOiJIUzI1NiIsInR5cCI6IkpXVCJ9.eyJpZCI6IjVmZTBhYzViNjkzMTg1OWE1ZWVkMDMwNSIsInVzZXJuYW1lIjoiZjhjb3N0YTBpeCIsImV4cCI6MTYxMzc0MzcwNywiaWF0IjoxNjA4NTU5NzA3fQ.Zj9lTLxvrU3OItqYkThHnMJAK9eI32k9z7PdS8kZN8A"
    }
}
]]>
            </line>
            <line>
              <![CDATA[HTTP/1.1 200 OK
Server: nginx/1.14.0 (Ubuntu)
Date: Mon, 21 Dec 2020 14:08:27 GMT
Content-Type: application/json; charset=utf-8
Content-Length: 277
Connection: keep-alive
X-Powered-By: Express
Vary: X-HTTP-Method-Override
ETag: W/"115-oJ4pn9ffH8yrfvRH6jHupA"
Strict-Transport-Security: max-age=15768000

{
    "user": {
        "username": "f8costa0ix",
        "email": "gdnfte3gun@swhv.pl",
        "token": "eyJhbGciOiJIUzI1NiIsInR5cCI6IkpXVCJ9.eyJpZCI6IjVmZTBhYzViNjkzMTg1OWE1ZWVkMDMwNSIsInVzZXJuYW1lIjoiZjhjb3N0YTBpeCIsImV4cCI6MTYxMzc0MzcwNywiaWF0IjoxNjA4NTU5NzA3fQ.Zj9lTLxvrU3OItqYkThHnMJAK9eI32k9z7PdS8kZN8A"
    }
}]]>
            </line>
          </reporter-output>
        </test-method> <!-- preconditions -->
        <test-method signature="loginUserHappy()[pri:0, instance:api.users.TestLoginUser@25e2ab5a]" started-at="2020-12-21T15:08:27 CET" name="loginUserHappy" finished-at="2020-12-21T15:08:28 CET" duration-ms="659" status="PASS">
          <reporter-output>
            <line>
              <![CDATA[Request method:POST
Request URI:https://qa-task.backbasecloud.com/api/users/login
Proxy:<none>
Request params:<none>
Query params:<none>
Form params:<none>
Path params:<none>
Headers:authorization=Basic Y2FuZGlkYXRleDpxYS1pcy1jb29s
authority=qa-task.backbasecloud.com
Accept=application/json, application/javascript, text/javascript, text/json
Content-Type=application/json; charset=UTF-8
Cookies:<none>
Multiparts:<none>
Body:
{
    "user": {
        "email": "gdnfte3gun@swhv.pl",
        "password": "jdsvzR",
        "username": null,
        "token": null
    }
}
]]>
            </line>
            <line>
              <![CDATA[Request method:POST
Request URI:https://qa-task.backbasecloud.com/api/users/login
Proxy:<none>
Request params:<none>
Query params:<none>
Form params:<none>
Path params:<none>
Headers:authorization=Basic Y2FuZGlkYXRleDpxYS1pcy1jb29s
authority=qa-task.backbasecloud.com
Accept=application/json, application/javascript, text/javascript, text/json
Content-Type=application/json; charset=UTF-8
Cookies:<none>
Multiparts:<none>
Body:
{
    "user": {
        "email": "gdnfte3gun@swhv.pl",
        "password": "jdsvzR",
        "username": null,
        "token": null
    }
}]]>
            </line>
            <line>
              <![CDATA[HTTP/1.1 200 OK
Server: nginx/1.14.0 (Ubuntu)
Date: Mon, 21 Dec 2020 14:08:28 GMT
Content-Type: application/json; charset=utf-8
Content-Length: 277
Connection: keep-alive
X-Powered-By: Express
Vary: X-HTTP-Method-Override
ETag: W/"115-FFpd6SIc+hDw//mIpbUC/g"
Strict-Transport-Security: max-age=15768000

{
    "user": {
        "username": "f8costa0ix",
        "email": "gdnfte3gun@swhv.pl",
        "token": "eyJhbGciOiJIUzI1NiIsInR5cCI6IkpXVCJ9.eyJpZCI6IjVmZTBhYzViNjkzMTg1OWE1ZWVkMDMwNSIsInVzZXJuYW1lIjoiZjhjb3N0YTBpeCIsImV4cCI6MTYxMzc0MzcwOCwiaWF0IjoxNjA4NTU5NzA4fQ.UBlqAUL_EXOwdaOQykKQHTiUBRHx0qNxV_p98EpyVbo"
    }
}
]]>
            </line>
            <line>
              <![CDATA[HTTP/1.1 200 OK
Server: nginx/1.14.0 (Ubuntu)
Date: Mon, 21 Dec 2020 14:08:28 GMT
Content-Type: application/json; charset=utf-8
Content-Length: 277
Connection: keep-alive
X-Powered-By: Express
Vary: X-HTTP-Method-Override
ETag: W/"115-FFpd6SIc+hDw//mIpbUC/g"
Strict-Transport-Security: max-age=15768000

{
    "user": {
        "username": "f8costa0ix",
        "email": "gdnfte3gun@swhv.pl",
        "token": "eyJhbGciOiJIUzI1NiIsInR5cCI6IkpXVCJ9.eyJpZCI6IjVmZTBhYzViNjkzMTg1OWE1ZWVkMDMwNSIsInVzZXJuYW1lIjoiZjhjb3N0YTBpeCIsImV4cCI6MTYxMzc0MzcwOCwiaWF0IjoxNjA4NTU5NzA4fQ.UBlqAUL_EXOwdaOQykKQHTiUBRHx0qNxV_p98EpyVbo"
    }
}]]>
            </line>
          </reporter-output>
        </test-method> <!-- loginUserHappy -->
      </class> <!-- api.users.TestLoginUser -->
      <class name="api.users.TestRegisterUser">
        <test-method signature="registerUserHappy()[pri:0, instance:api.users.TestRegisterUser@35e5d0e5]" started-at="2020-12-21T15:08:28 CET" name="registerUserHappy" finished-at="2020-12-21T15:08:28 CET" duration-ms="631" status="PASS">
          <reporter-output>
            <line>
              <![CDATA[Request method:POST
Request URI:https://qa-task.backbasecloud.com/api/users
Proxy:<none>
Request params:<none>
Query params:<none>
Form params:<none>
Path params:<none>
Headers:authorization=Basic Y2FuZGlkYXRleDpxYS1pcy1jb29s
authority=qa-task.backbasecloud.com
Accept=application/json, application/javascript, text/javascript, text/json
Content-Type=application/json; charset=UTF-8
Cookies:<none>
Multiparts:<none>
Body:
{
    "user": {
        "email": "2PFc4LMO1C@njxq.pl",
        "password": "D2Gv7n",
        "username": "l1Gmx5KYec",
        "token": null
    }
}
]]>
            </line>
            <line>
              <![CDATA[Request method:POST
Request URI:https://qa-task.backbasecloud.com/api/users
Proxy:<none>
Request params:<none>
Query params:<none>
Form params:<none>
Path params:<none>
Headers:authorization=Basic Y2FuZGlkYXRleDpxYS1pcy1jb29s
authority=qa-task.backbasecloud.com
Accept=application/json, application/javascript, text/javascript, text/json
Content-Type=application/json; charset=UTF-8
Cookies:<none>
Multiparts:<none>
Body:
{
    "user": {
        "email": "2PFc4LMO1C@njxq.pl",
        "password": "D2Gv7n",
        "username": "l1Gmx5KYec",
        "token": null
    }
}]]>
            </line>
            <line>
              <![CDATA[HTTP/1.1 200 OK
Server: nginx/1.14.0 (Ubuntu)
Date: Mon, 21 Dec 2020 14:08:28 GMT
Content-Type: application/json; charset=utf-8
Content-Length: 277
Connection: keep-alive
X-Powered-By: Express
Vary: X-HTTP-Method-Override
ETag: W/"115-TMptxLEeDr4hiMT6bpboBg"
Strict-Transport-Security: max-age=15768000

{
    "user": {
        "username": "l1gmx5kyec",
        "email": "2pfc4lmo1c@njxq.pl",
        "token": "eyJhbGciOiJIUzI1NiIsInR5cCI6IkpXVCJ9.eyJpZCI6IjVmZTBhYzVjNjkzMTg1OWE1ZWVkMDMwNiIsInVzZXJuYW1lIjoibDFnbXg1a3llYyIsImV4cCI6MTYxMzc0MzcwOCwiaWF0IjoxNjA4NTU5NzA4fQ.KUG7CNMBzoDLlj2wwPn_3UgUvna5erC_ntXZZYqo6yc"
    }
}
]]>
            </line>
            <line>
              <![CDATA[HTTP/1.1 200 OK
Server: nginx/1.14.0 (Ubuntu)
Date: Mon, 21 Dec 2020 14:08:28 GMT
Content-Type: application/json; charset=utf-8
Content-Length: 277
Connection: keep-alive
X-Powered-By: Express
Vary: X-HTTP-Method-Override
ETag: W/"115-TMptxLEeDr4hiMT6bpboBg"
Strict-Transport-Security: max-age=15768000

{
    "user": {
        "username": "l1gmx5kyec",
        "email": "2pfc4lmo1c@njxq.pl",
        "token": "eyJhbGciOiJIUzI1NiIsInR5cCI6IkpXVCJ9.eyJpZCI6IjVmZTBhYzVjNjkzMTg1OWE1ZWVkMDMwNiIsInVzZXJuYW1lIjoibDFnbXg1a3llYyIsImV4cCI6MTYxMzc0MzcwOCwiaWF0IjoxNjA4NTU5NzA4fQ.KUG7CNMBzoDLlj2wwPn_3UgUvna5erC_ntXZZYqo6yc"
    }
}]]>
            </line>
          </reporter-output>
        </test-method> <!-- registerUserHappy -->
        <test-method signature="registerUserMissingPassword()[pri:0, instance:api.users.TestRegisterUser@35e5d0e5]" started-at="2020-12-21T15:08:28 CET" name="registerUserMissingPassword" finished-at="2020-12-21T15:08:29 CET" duration-ms="581" status="PASS">
          <reporter-output>
            <line>
              <![CDATA[Request method:POST
Request URI:https://qa-task.backbasecloud.com/api/users
Proxy:<none>
Request params:<none>
Query params:<none>
Form params:<none>
Path params:<none>
Headers:authorization=Basic Y2FuZGlkYXRleDpxYS1pcy1jb29s
authority=qa-task.backbasecloud.com
Accept=application/json, application/javascript, text/javascript, text/json
Content-Type=application/json; charset=UTF-8
Cookies:<none>
Multiparts:<none>
Body:
{
    "user": {
        "email": "kknwWfFWff@kWkw.pl",
        "password": null,
        "username": "lMzjCHbGEU",
        "token": null
    }
}
]]>
            </line>
            <line>
              <![CDATA[Request method:POST
Request URI:https://qa-task.backbasecloud.com/api/users
Proxy:<none>
Request params:<none>
Query params:<none>
Form params:<none>
Path params:<none>
Headers:authorization=Basic Y2FuZGlkYXRleDpxYS1pcy1jb29s
authority=qa-task.backbasecloud.com
Accept=application/json, application/javascript, text/javascript, text/json
Content-Type=application/json; charset=UTF-8
Cookies:<none>
Multiparts:<none>
Body:
{
    "user": {
        "email": "kknwWfFWff@kWkw.pl",
        "password": null,
        "username": "lMzjCHbGEU",
        "token": null
    }
}]]>
            </line>
            <line>
              <![CDATA[HTTP/1.1 500 Internal Server Error
Server: nginx/1.14.0 (Ubuntu)
Date: Mon, 21 Dec 2020 14:08:29 GMT
Content-Type: application/json; charset=utf-8
Content-Length: 143
Connection: keep-alive
X-Powered-By: Express
Vary: X-HTTP-Method-Override
ETag: W/"8f-KLq9HHrLocDxBRW98sZsYQ"
Strict-Transport-Security: max-age=15768000

{
    "errors": {
        "message": "The \"password\" argument must be one of type string, Buffer, TypedArray, or DataView. Received type object",
        "error": {
            
        }
    }
}
]]>
            </line>
            <line>
              <![CDATA[HTTP/1.1 500 Internal Server Error
Server: nginx/1.14.0 (Ubuntu)
Date: Mon, 21 Dec 2020 14:08:29 GMT
Content-Type: application/json; charset=utf-8
Content-Length: 143
Connection: keep-alive
X-Powered-By: Express
Vary: X-HTTP-Method-Override
ETag: W/"8f-KLq9HHrLocDxBRW98sZsYQ"
Strict-Transport-Security: max-age=15768000

{
    "errors": {
        "message": "The \"password\" argument must be one of type string, Buffer, TypedArray, or DataView. Received type object",
        "error": {
            
        }
    }
}]]>
            </line>
          </reporter-output>
        </test-method> <!-- registerUserMissingPassword -->
      </class> <!-- api.users.TestRegisterUser -->
    </test> <!-- Command line test -->
  </suite> <!-- Command line suite -->
</testng-results>
