<?xml version="1.0" encoding="UTF-8" ?>
<testsuite tests="4" failures="0" name="TestSuite" time="3.38" errors="0" skipped="0">
  <properties>
[...]
</properties>
  <testcase classname="api.users.TestLoginUser" name="loginUserHappy" time="0.666"/>
  <testcase classname="api.users.TestRegisterUser" name="registerUserHappy" time="0.638"/>
  <testcase classname="api.users.TestRegisterUser" name="registerUserMissingPassword" time="0.574"/>
  <testcase classname="ui.users.TestUiRegisterUser" name="registerUser" time="1.502"/>
</testsuite>